<?xml version="1.0" encoding="UTF-8"?>
<!-- Generated by org.testng.reporters.JUnitReportReporter -->
<testsuite skipped="0" hostname="EQ-EQ7501603" name="DeliverooFWTestCases.SearchTests" tests="2" failures="0" timestamp="2021-08-11T12:19:53 EET" time="30.614" errors="0">
  <testcase name="searchForAddressHasDelivaryServiceTest" time="19.119" classname="DeliverooFWTestCases.SearchTests"/>
  <system-out/>
  <testcase name="SearchForAddressHasNoDelivaryServiceTest" time="11.495" classname="DeliverooFWTestCases.SearchTests"/>
  <system-out/>
</testsuite> <!-- DeliverooFWTestCases.SearchTests -->
